<?xml version="1.0" encoding="UTF-8"?>
<!-- Generated by org.testng.reporters.JUnitReportReporter -->
<testsuite hostname="kiran" failures="0" tests="3" name="script.Test1" time="0.004" errors="0" timestamp="23 Jan 2019 09:04:41 GMT" skipped="0">
  <testcase classname="script.Test1" name="test" time="0.001"/>
  <testcase classname="script.Test1" name="test" time="0.002"/>
  <testcase classname="script.Test1" name="test" time="0.001"/>
</testsuite> <!-- script.Test1 -->
